2024-10-08 11:30:50,747 - DEBUG - STREAM b'IHDR' 16 13
2024-10-08 11:30:50,747 - DEBUG - STREAM b'pHYs' 41 9
2024-10-08 11:30:50,747 - DEBUG - STREAM b'IDAT' 62 8192
2024-10-08 11:30:50,757 - DEBUG - NativeEvent(path="/Users/zaidshaikh/Documents/Masters_Course/Wellnify/RecommendationSysten/ml_backend/recommendation_system.log", inode=49372967, flags=18100, id=293460684): is_created, is_file, is_xattr_mod
2024-10-08 11:30:50,758 - DEBUG - queue_event FileCreatedEvent(src_path='/Users/zaidshaikh/Documents/Masters_Course/Wellnify/RecommendationSysten/ml_backend/recommendation_system.log', dest_path='', event_type='created', is_directory=False, is_synthetic=False)
2024-10-08 11:30:50,758 - DEBUG - queue_event DirModifiedEvent(src_path='/Users/zaidshaikh/Documents/Masters_Course/Wellnify/RecommendationSysten/ml_backend', dest_path='', event_type='modified', is_directory=True, is_synthetic=False)
2024-10-08 11:30:50,758 - DEBUG - queue_event FileModifiedEvent(src_path='/Users/zaidshaikh/Documents/Masters_Course/Wellnify/RecommendationSysten/ml_backend/recommendation_system.log', dest_path='', event_type='modified', is_directory=False, is_synthetic=False)
2024-10-08 11:30:50,792 - DEBUG - STREAM b'IHDR' 16 13
2024-10-08 11:30:50,792 - DEBUG - STREAM b'IDAT' 41 47529
2024-10-08 11:30:50,792 - DEBUG - STREAM b'IHDR' 16 13
2024-10-08 11:30:50,792 - DEBUG - STREAM b'IDAT' 41 47529
2024-10-08 11:30:51,753 - INFO - Starting data preprocessing.
2024-10-08 11:30:51,758 - INFO - Final merged DataFrame shape: (2791, 26)
2024-10-08 11:30:51,776 - INFO - Processed collection DataFrame shape: (2566, 6)
2024-10-08 11:30:51,776 - INFO - Splitting 'tag_category' into tag_list.
2024-10-08 11:30:51,777 - INFO - Parsing tag components.
2024-10-08 11:30:51,779 - INFO - Binarizing tag types and specific values.
2024-10-08 11:30:51,781 - INFO - Preparing activity features.
2024-10-08 11:30:51,978 - INFO - Calculating cosine similarities.
2024-10-08 11:30:52,121 - INFO - Computing TF-IDF for description.
2024-10-08 11:30:54,899 - DEBUG - STREAM b'IHDR' 16 13
2024-10-08 11:30:54,900 - DEBUG - STREAM b'pHYs' 41 9
2024-10-08 11:30:54,900 - DEBUG - STREAM b'IDAT' 62 8192
2024-10-08 11:30:54,970 - DEBUG - STREAM b'IHDR' 16 13
2024-10-08 11:30:54,970 - DEBUG - STREAM b'IDAT' 41 47529
2024-10-08 11:30:54,970 - DEBUG - STREAM b'IHDR' 16 13
2024-10-08 11:30:54,970 - DEBUG - STREAM b'IDAT' 41 47529
2024-10-08 11:30:55,747 - INFO - Starting data preprocessing.
2024-10-08 11:30:55,750 - INFO - Final merged DataFrame shape: (2791, 26)
2024-10-08 11:30:55,765 - INFO - Processed collection DataFrame shape: (2566, 6)
2024-10-08 11:30:55,765 - INFO - Splitting 'tag_category' into tag_list.
2024-10-08 11:30:55,766 - INFO - Parsing tag components.
2024-10-08 11:30:55,768 - INFO - Binarizing tag types and specific values.
2024-10-08 11:30:55,769 - INFO - Preparing activity features.
2024-10-08 11:30:55,942 - INFO - Calculating cosine similarities.
2024-10-08 11:30:56,070 - INFO - Computing TF-IDF for description.
2024-10-08 11:30:56,629 - DEBUG - STREAM b'IHDR' 16 13
2024-10-08 11:30:56,629 - DEBUG - STREAM b'pHYs' 41 9
2024-10-08 11:30:56,629 - DEBUG - STREAM b'IDAT' 62 8192
2024-10-08 11:30:56,698 - DEBUG - STREAM b'IHDR' 16 13
2024-10-08 11:30:56,698 - DEBUG - STREAM b'IDAT' 41 47529
2024-10-08 11:30:56,698 - DEBUG - STREAM b'IHDR' 16 13
2024-10-08 11:30:56,698 - DEBUG - STREAM b'IDAT' 41 47529
2024-10-08 11:30:57,495 - INFO - Starting data preprocessing.
2024-10-08 11:30:57,497 - INFO - Final merged DataFrame shape: (2791, 26)
2024-10-08 11:30:57,512 - INFO - Processed collection DataFrame shape: (2566, 6)
2024-10-08 11:30:57,512 - INFO - Splitting 'tag_category' into tag_list.
2024-10-08 11:30:57,513 - INFO - Parsing tag components.
2024-10-08 11:30:57,515 - INFO - Binarizing tag types and specific values.
2024-10-08 11:30:57,516 - INFO - Preparing activity features.
2024-10-08 11:30:57,661 - INFO - Calculating cosine similarities.
2024-10-08 11:30:57,813 - INFO - Computing TF-IDF for description.
2024-10-08 11:30:57,916 - INFO - Generating recommendations for user 564.
2024-10-08 11:30:57,917 - DEBUG - User 564 is part of organizations: [  1 139].
2024-10-08 11:31:02,372 - DEBUG - STREAM b'IHDR' 16 13
2024-10-08 11:31:02,373 - DEBUG - STREAM b'pHYs' 41 9
2024-10-08 11:31:02,373 - DEBUG - STREAM b'IDAT' 62 8192
2024-10-08 11:31:02,434 - DEBUG - STREAM b'IHDR' 16 13
2024-10-08 11:31:02,434 - DEBUG - STREAM b'IDAT' 41 47529
2024-10-08 11:31:02,434 - DEBUG - STREAM b'IHDR' 16 13
2024-10-08 11:31:02,434 - DEBUG - STREAM b'IDAT' 41 47529
2024-10-08 11:31:03,197 - INFO - Starting data preprocessing.
2024-10-08 11:31:03,199 - INFO - Final merged DataFrame shape: (2791, 26)
2024-10-08 11:31:03,215 - INFO - Processed collection DataFrame shape: (2566, 6)
2024-10-08 11:31:03,215 - INFO - Splitting 'tag_category' into tag_list.
2024-10-08 11:31:03,216 - INFO - Parsing tag components.
2024-10-08 11:31:03,218 - INFO - Binarizing tag types and specific values.
2024-10-08 11:31:03,220 - INFO - Preparing activity features.
2024-10-08 11:31:03,382 - DEBUG - STREAM b'IHDR' 16 13
2024-10-08 11:31:03,382 - DEBUG - STREAM b'pHYs' 41 9
2024-10-08 11:31:03,382 - DEBUG - STREAM b'IDAT' 62 8192
2024-10-08 11:31:03,438 - DEBUG - STREAM b'IHDR' 16 13
2024-10-08 11:31:03,438 - DEBUG - STREAM b'IDAT' 41 47529
2024-10-08 11:31:03,438 - DEBUG - STREAM b'IHDR' 16 13
2024-10-08 11:31:03,438 - DEBUG - STREAM b'IDAT' 41 47529
2024-10-08 11:31:03,459 - INFO - Calculating cosine similarities.
2024-10-08 11:31:03,620 - INFO - Computing TF-IDF for description.
2024-10-08 11:31:04,421 - INFO - Starting data preprocessing.
2024-10-08 11:31:04,423 - INFO - Final merged DataFrame shape: (2791, 26)
2024-10-08 11:31:04,438 - INFO - Processed collection DataFrame shape: (2566, 6)
2024-10-08 11:31:04,438 - INFO - Splitting 'tag_category' into tag_list.
2024-10-08 11:31:04,438 - INFO - Parsing tag components.
2024-10-08 11:31:04,440 - INFO - Binarizing tag types and specific values.
2024-10-08 11:31:04,442 - INFO - Preparing activity features.
2024-10-08 11:31:04,578 - INFO - Calculating cosine similarities.
2024-10-08 11:31:04,686 - INFO - Computing TF-IDF for description.
2024-10-08 11:31:04,787 - INFO - Generating recommendations for user 3.
2024-10-08 11:31:04,792 - DEBUG - User 3 is part of organizations: [1].
2024-10-08 11:31:04,802 - INFO - No user interactions found for user 3. Returning empty Data
2024-10-08 11:31:25,414 - DEBUG - STREAM b'IHDR' 16 13
2024-10-08 11:31:25,415 - DEBUG - STREAM b'pHYs' 41 9
2024-10-08 11:31:25,416 - DEBUG - STREAM b'IDAT' 62 8192
2024-10-08 11:31:25,478 - DEBUG - STREAM b'IHDR' 16 13
2024-10-08 11:31:25,478 - DEBUG - STREAM b'pHYs' 41 9
2024-10-08 11:31:25,478 - DEBUG - STREAM b'IDAT' 62 8192
2024-10-08 11:31:25,481 - DEBUG - STREAM b'IHDR' 16 13
2024-10-08 11:31:25,481 - DEBUG - STREAM b'IDAT' 41 47529
2024-10-08 11:31:25,481 - DEBUG - STREAM b'IHDR' 16 13
2024-10-08 11:31:25,481 - DEBUG - STREAM b'IDAT' 41 47529
2024-10-08 11:31:25,569 - DEBUG - STREAM b'IHDR' 16 13
2024-10-08 11:31:25,570 - DEBUG - STREAM b'IDAT' 41 47529
2024-10-08 11:31:25,570 - DEBUG - STREAM b'IHDR' 16 13
2024-10-08 11:31:25,570 - DEBUG - STREAM b'IDAT' 41 47529
2024-10-08 11:31:26,274 - INFO - Starting data preprocessing.
2024-10-08 11:31:26,277 - INFO - Final merged DataFrame shape: (2791, 26)
2024-10-08 11:31:26,293 - INFO - Processed collection DataFrame shape: (2566, 6)
2024-10-08 11:31:26,293 - INFO - Splitting 'tag_category' into tag_list.
2024-10-08 11:31:26,293 - INFO - Parsing tag components.
2024-10-08 11:31:26,295 - INFO - Binarizing tag types and specific values.
2024-10-08 11:31:26,297 - INFO - Preparing activity features.
2024-10-08 11:31:26,493 - INFO - Calculating cosine similarities.
2024-10-08 11:31:26,621 - INFO - Computing TF-IDF for description.
2024-10-08 11:31:26,743 - INFO - Generating recommendations for user 1606.
2024-10-08 11:31:26,745 - DEBUG - User 1606 is part of organizations: [  1 352].
2024-10-10 12:22:30,172 - INFO - Starting data preprocessing.
2024-10-10 12:22:30,176 - INFO - Final merged DataFrame shape: (2791, 26)
2024-10-10 12:22:30,193 - INFO - Processed collection DataFrame shape: (2566, 6)
2024-10-10 12:22:30,193 - INFO - Splitting 'tag_category' into tag_list.
2024-10-10 12:22:30,194 - INFO - Parsing tag components.
2024-10-10 12:22:30,196 - INFO - Binarizing tag types and specific values.
2024-10-10 12:22:30,198 - INFO - Preparing activity features.
2024-10-10 12:22:30,391 - INFO - Calculating cosine similarities.
2024-10-10 12:22:30,535 - INFO - Computing TF-IDF for description.
2024-10-10 12:22:30,730 - INFO - [31m[1mWARNING: This is a development server. Do not use it in a production deployment. Use a production WSGI server instead.[0m
 * Running on http://127.0.0.1:5000
2024-10-10 12:22:30,730 - INFO - [33mPress CTRL+C to quit[0m
2024-10-10 12:22:30,756 - INFO -  * Restarting with watchdog (fsevents)
2024-10-10 12:22:32,122 - INFO - Starting data preprocessing.
2024-10-10 12:22:32,124 - INFO - Final merged DataFrame shape: (2791, 26)
2024-10-10 12:22:32,141 - INFO - Processed collection DataFrame shape: (2566, 6)
2024-10-10 12:22:32,141 - INFO - Splitting 'tag_category' into tag_list.
2024-10-10 12:22:32,141 - INFO - Parsing tag components.
2024-10-10 12:22:32,143 - INFO - Binarizing tag types and specific values.
2024-10-10 12:22:32,145 - INFO - Preparing activity features.
2024-10-10 12:22:32,326 - INFO - Calculating cosine similarities.
2024-10-10 12:22:32,445 - INFO - Computing TF-IDF for description.
2024-10-10 12:22:32,603 - WARNING -  * Debugger is active!
2024-10-10 12:22:32,616 - INFO -  * Debugger PIN: 731-329-817
2024-10-10 12:22:59,941 - INFO - Starting data preprocessing.
2024-10-10 12:22:59,944 - INFO - Final merged DataFrame shape: (2791, 26)
2024-10-10 12:22:59,962 - INFO - Processed collection DataFrame shape: (2566, 6)
2024-10-10 12:22:59,962 - INFO - Splitting 'tag_category' into tag_list.
2024-10-10 12:22:59,962 - INFO - Parsing tag components.
2024-10-10 12:22:59,965 - INFO - Binarizing tag types and specific values.
2024-10-10 12:22:59,967 - INFO - Preparing activity features.
2024-10-10 12:23:00,197 - INFO - Calculating cosine similarities.
2024-10-10 12:23:00,313 - INFO - Computing TF-IDF for description.
2024-10-10 12:23:00,484 - INFO - [31m[1mWARNING: This is a development server. Do not use it in a production deployment. Use a production WSGI server instead.[0m
 * Running on http://127.0.0.1:5000
2024-10-10 12:23:00,485 - INFO - [33mPress CTRL+C to quit[0m
2024-10-10 12:23:00,491 - INFO -  * Restarting with watchdog (fsevents)
2024-10-10 12:23:01,882 - INFO - Starting data preprocessing.
2024-10-10 12:23:01,885 - INFO - Final merged DataFrame shape: (2791, 26)
2024-10-10 12:23:01,902 - INFO - Processed collection DataFrame shape: (2566, 6)
2024-10-10 12:23:01,902 - INFO - Splitting 'tag_category' into tag_list.
2024-10-10 12:23:01,902 - INFO - Parsing tag components.
2024-10-10 12:23:01,904 - INFO - Binarizing tag types and specific values.
2024-10-10 12:23:01,906 - INFO - Preparing activity features.
2024-10-10 12:23:02,088 - INFO - Calculating cosine similarities.
2024-10-10 12:23:02,211 - INFO - Computing TF-IDF for description.
2024-10-10 12:23:02,365 - WARNING -  * Debugger is active!
2024-10-10 12:23:02,376 - INFO -  * Debugger PIN: 731-329-817
2024-10-10 12:28:46,119 - DEBUG - NativeEvent(path="/Users/zaidshaikh/Documents/Masters_Course/Wellnify/RecommendationSysten/ml_backend/api.py", inode=49369023, flags=11400, id=301319533): is_file, is_inode_meta_mod, is_modified
2024-10-10 12:28:46,122 - DEBUG - queue_event FileModifiedEvent(src_path='/Users/zaidshaikh/Documents/Masters_Course/Wellnify/RecommendationSysten/ml_backend/api.py', dest_path='', event_type='modified', is_directory=False, is_synthetic=False)
2024-10-10 12:28:46,126 - INFO -  * Detected change in '/Users/zaidshaikh/Documents/Masters_Course/Wellnify/RecommendationSysten/ml_backend/api.py', reloading
2024-10-10 12:28:47,259 - INFO -  * Restarting with watchdog (fsevents)
2024-10-10 12:28:49,435 - WARNING -  * Debugger is active!
2024-10-10 12:28:49,444 - INFO -  * Debugger PIN: 731-329-817
2024-10-10 12:28:53,987 - INFO - [31m[1mWARNING: This is a development server. Do not use it in a production deployment. Use a production WSGI server instead.[0m
 * Running on http://127.0.0.1:5000
2024-10-10 12:28:53,987 - INFO - [33mPress CTRL+C to quit[0m
2024-10-10 12:28:53,990 - INFO -  * Restarting with watchdog (fsevents)
2024-10-10 12:28:55,393 - WARNING -  * Debugger is active!
2024-10-10 12:28:55,401 - INFO -  * Debugger PIN: 731-329-817
2024-10-10 12:32:06,749 - INFO - Starting data preprocessing.
2024-10-10 12:32:06,753 - INFO - Final merged DataFrame shape: (2791, 26)
2024-10-10 12:32:06,771 - INFO - Processed collection DataFrame shape: (2566, 6)
2024-10-10 12:32:06,771 - INFO - Splitting 'tag_category' into tag_list.
2024-10-10 12:32:06,771 - INFO - Parsing tag components.
2024-10-10 12:32:06,773 - INFO - Binarizing tag types and specific values.
2024-10-10 12:32:06,775 - INFO - Preparing activity features.
2024-10-10 12:32:06,938 - INFO - Calculating cosine similarities.
2024-10-10 12:32:07,063 - INFO - Computing TF-IDF for description.
2024-10-10 12:32:07,227 - INFO - [31m[1mWARNING: This is a development server. Do not use it in a production deployment. Use a production WSGI server instead.[0m
 * Running on http://127.0.0.1:5000
2024-10-10 12:32:07,227 - INFO - [33mPress CTRL+C to quit[0m
2024-10-10 12:32:07,235 - INFO -  * Restarting with watchdog (fsevents)
2024-10-10 12:32:08,649 - INFO - Starting data preprocessing.
2024-10-10 12:32:08,652 - INFO - Final merged DataFrame shape: (2791, 26)
2024-10-10 12:32:08,668 - INFO - Processed collection DataFrame shape: (2566, 6)
2024-10-10 12:32:08,668 - INFO - Splitting 'tag_category' into tag_list.
2024-10-10 12:32:08,669 - INFO - Parsing tag components.
2024-10-10 12:32:08,671 - INFO - Binarizing tag types and specific values.
2024-10-10 12:32:08,673 - INFO - Preparing activity features.
2024-10-10 12:32:08,849 - INFO - Calculating cosine similarities.
2024-10-10 12:32:08,977 - INFO - Computing TF-IDF for description.
2024-10-10 12:32:09,123 - WARNING -  * Debugger is active!
2024-10-10 12:32:09,138 - INFO -  * Debugger PIN: 731-329-817
2024-10-10 12:33:23,752 - DEBUG - STREAM b'IHDR' 16 13
2024-10-10 12:33:23,752 - DEBUG - STREAM b'pHYs' 41 9
2024-10-10 12:33:23,752 - DEBUG - STREAM b'IDAT' 62 8192
2024-10-10 12:33:23,792 - DEBUG - STREAM b'IHDR' 16 13
2024-10-10 12:33:23,792 - DEBUG - STREAM b'IDAT' 41 47529
2024-10-10 12:33:23,792 - DEBUG - STREAM b'IHDR' 16 13
2024-10-10 12:33:23,792 - DEBUG - STREAM b'IDAT' 41 47529
2024-10-10 12:33:24,690 - INFO - Starting data preprocessing.
2024-10-10 12:33:24,696 - INFO - Final merged DataFrame shape: (2791, 26)
2024-10-10 12:33:24,721 - INFO - Processed collection DataFrame shape: (2566, 6)
2024-10-10 12:33:24,721 - INFO - Splitting 'tag_category' into tag_list.
2024-10-10 12:33:24,722 - INFO - Parsing tag components.
2024-10-10 12:33:24,725 - INFO - Binarizing tag types and specific values.
2024-10-10 12:33:24,728 - INFO - Preparing activity features.
2024-10-10 12:33:24,901 - INFO - Calculating cosine similarities.
2024-10-10 12:33:25,045 - INFO - Computing TF-IDF for description.
2024-10-10 12:33:30,461 - DEBUG - STREAM b'IHDR' 16 13
2024-10-10 12:33:30,463 - DEBUG - STREAM b'pHYs' 41 9
2024-10-10 12:33:30,463 - DEBUG - STREAM b'IDAT' 62 8192
2024-10-10 12:33:30,534 - DEBUG - STREAM b'IHDR' 16 13
2024-10-10 12:33:30,535 - DEBUG - STREAM b'IDAT' 41 47529
2024-10-10 12:33:30,535 - DEBUG - STREAM b'IHDR' 16 13
2024-10-10 12:33:30,535 - DEBUG - STREAM b'IDAT' 41 47529
2024-10-10 12:33:31,250 - INFO - Starting data preprocessing.
2024-10-10 12:33:31,252 - INFO - Final merged DataFrame shape: (2791, 26)
2024-10-10 12:33:31,268 - INFO - Processed collection DataFrame shape: (2566, 6)
2024-10-10 12:33:31,268 - INFO - Splitting 'tag_category' into tag_list.
2024-10-10 12:33:31,268 - INFO - Parsing tag components.
2024-10-10 12:33:31,270 - INFO - Binarizing tag types and specific values.
2024-10-10 12:33:31,272 - INFO - Preparing activity features.
2024-10-10 12:33:31,472 - INFO - Calculating cosine similarities.
2024-10-10 12:33:31,623 - INFO - Computing TF-IDF for description.
2024-10-10 12:33:34,656 - DEBUG - STREAM b'IHDR' 16 13
2024-10-10 12:33:34,657 - DEBUG - STREAM b'pHYs' 41 9
2024-10-10 12:33:34,657 - DEBUG - STREAM b'IDAT' 62 8192
2024-10-10 12:33:34,739 - DEBUG - STREAM b'IHDR' 16 13
2024-10-10 12:33:34,739 - DEBUG - STREAM b'IDAT' 41 47529
2024-10-10 12:33:34,739 - DEBUG - STREAM b'IHDR' 16 13
2024-10-10 12:33:34,739 - DEBUG - STREAM b'IDAT' 41 47529
2024-10-10 12:33:35,427 - INFO - Starting data preprocessing.
2024-10-10 12:33:35,430 - INFO - Final merged DataFrame shape: (2791, 26)
2024-10-10 12:33:35,445 - INFO - Processed collection DataFrame shape: (2566, 6)
2024-10-10 12:33:35,445 - INFO - Splitting 'tag_category' into tag_list.
2024-10-10 12:33:35,446 - INFO - Parsing tag components.
2024-10-10 12:33:35,448 - INFO - Binarizing tag types and specific values.
2024-10-10 12:33:35,449 - INFO - Preparing activity features.
2024-10-10 12:33:35,651 - INFO - Calculating cosine similarities.
2024-10-10 12:33:35,791 - INFO - Computing TF-IDF for description.
2024-10-10 12:33:35,876 - INFO - Generating recommendations for user 1606.
2024-10-10 12:33:35,878 - DEBUG - User 1606 is part of organizations: [  1 352].
2024-10-10 12:35:30,885 - INFO - Starting data preprocessing.
2024-10-10 12:35:30,890 - INFO - Final merged DataFrame shape: (2791, 26)
2024-10-10 12:35:30,907 - INFO - Processed collection DataFrame shape: (2566, 6)
2024-10-10 12:35:30,907 - INFO - Splitting 'tag_category' into tag_list.
2024-10-10 12:35:30,908 - INFO - Parsing tag components.
2024-10-10 12:35:30,910 - INFO - Binarizing tag types and specific values.
2024-10-10 12:35:30,912 - INFO - Preparing activity features.
2024-10-10 12:35:31,082 - INFO - Calculating cosine similarities.
2024-10-10 12:35:31,217 - INFO - Computing TF-IDF for description.
2024-10-10 12:35:31,383 - INFO - [31m[1mWARNING: This is a development server. Do not use it in a production deployment. Use a production WSGI server instead.[0m
 * Running on http://127.0.0.1:5000
2024-10-10 12:35:31,383 - INFO - [33mPress CTRL+C to quit[0m
2024-10-10 12:35:31,398 - INFO -  * Restarting with watchdog (fsevents)
2024-10-10 12:35:32,813 - INFO - Starting data preprocessing.
2024-10-10 12:35:32,816 - INFO - Final merged DataFrame shape: (2791, 26)
2024-10-10 12:35:32,832 - INFO - Processed collection DataFrame shape: (2566, 6)
2024-10-10 12:35:32,832 - INFO - Splitting 'tag_category' into tag_list.
2024-10-10 12:35:32,832 - INFO - Parsing tag components.
2024-10-10 12:35:32,834 - INFO - Binarizing tag types and specific values.
2024-10-10 12:35:32,836 - INFO - Preparing activity features.
2024-10-10 12:35:33,029 - INFO - Calculating cosine similarities.
2024-10-10 12:35:33,192 - INFO - Computing TF-IDF for description.
2024-10-10 12:35:33,326 - WARNING -  * Debugger is active!
2024-10-10 12:35:33,336 - INFO -  * Debugger PIN: 731-329-817
2024-10-10 12:45:25,061 - DEBUG - NativeEvent(path="/Users/zaidshaikh/Documents/Masters_Course/Wellnify/RecommendationSysten/ml_backend/api.py", inode=49833151, flags=11400, id=301416535): is_file, is_inode_meta_mod, is_modified
2024-10-10 12:45:25,066 - DEBUG - queue_event FileModifiedEvent(src_path='/Users/zaidshaikh/Documents/Masters_Course/Wellnify/RecommendationSysten/ml_backend/api.py', dest_path='', event_type='modified', is_directory=False, is_synthetic=False)
2024-10-10 12:45:25,074 - INFO -  * Detected change in '/Users/zaidshaikh/Documents/Masters_Course/Wellnify/RecommendationSysten/ml_backend/api.py', reloading
2024-10-10 12:45:26,066 - INFO -  * Restarting with watchdog (fsevents)
2024-10-10 12:45:28,158 - INFO - Starting data preprocessing.
2024-10-10 12:45:28,163 - INFO - Final merged DataFrame shape: (2791, 26)
2024-10-10 12:45:28,180 - INFO - Processed collection DataFrame shape: (2566, 6)
2024-10-10 12:45:28,180 - INFO - Splitting 'tag_category' into tag_list.
2024-10-10 12:45:28,180 - INFO - Parsing tag components.
2024-10-10 12:45:28,182 - INFO - Binarizing tag types and specific values.
2024-10-10 12:45:28,184 - INFO - Preparing activity features.
2024-10-10 12:45:28,342 - INFO - Calculating cosine similarities.
2024-10-10 12:45:28,468 - INFO - Computing TF-IDF for description.
2024-10-10 12:45:28,575 - WARNING -  * Debugger is active!
2024-10-10 12:45:28,584 - INFO -  * Debugger PIN: 731-329-817
2024-10-10 12:45:34,504 - INFO - Starting data preprocessing.
2024-10-10 12:45:34,506 - INFO - Final merged DataFrame shape: (2791, 26)
2024-10-10 12:45:34,522 - INFO - Processed collection DataFrame shape: (2566, 6)
2024-10-10 12:45:34,522 - INFO - Splitting 'tag_category' into tag_list.
2024-10-10 12:45:34,522 - INFO - Parsing tag components.
2024-10-10 12:45:34,524 - INFO - Binarizing tag types and specific values.
2024-10-10 12:45:34,526 - INFO - Preparing activity features.
2024-10-10 12:45:34,733 - INFO - Calculating cosine similarities.
2024-10-10 12:45:34,834 - INFO - Computing TF-IDF for description.
2024-10-10 12:45:34,962 - INFO - [31m[1mWARNING: This is a development server. Do not use it in a production deployment. Use a production WSGI server instead.[0m
 * Running on http://127.0.0.1:5000
2024-10-10 12:45:34,962 - INFO - [33mPress CTRL+C to quit[0m
2024-10-10 12:45:34,967 - INFO -  * Restarting with watchdog (fsevents)
2024-10-10 12:45:36,290 - INFO - Starting data preprocessing.
2024-10-10 12:45:36,293 - INFO - Final merged DataFrame shape: (2791, 26)
2024-10-10 12:45:36,308 - INFO - Processed collection DataFrame shape: (2566, 6)
2024-10-10 12:45:36,308 - INFO - Splitting 'tag_category' into tag_list.
2024-10-10 12:45:36,308 - INFO - Parsing tag components.
2024-10-10 12:45:36,310 - INFO - Binarizing tag types and specific values.
2024-10-10 12:45:36,312 - INFO - Preparing activity features.
2024-10-10 12:45:36,482 - INFO - Calculating cosine similarities.
2024-10-10 12:45:36,577 - INFO - Computing TF-IDF for description.
2024-10-10 12:45:36,716 - WARNING -  * Debugger is active!
2024-10-10 12:45:36,724 - INFO -  * Debugger PIN: 731-329-817
2024-10-10 12:50:32,414 - DEBUG - NativeEvent(path="/Users/zaidshaikh/Documents/Masters_Course/Wellnify/RecommendationSysten/ml_backend/api.py", inode=49833151, flags=11400, id=301438687): is_file, is_inode_meta_mod, is_modified
2024-10-10 12:50:32,417 - DEBUG - queue_event FileModifiedEvent(src_path='/Users/zaidshaikh/Documents/Masters_Course/Wellnify/RecommendationSysten/ml_backend/api.py', dest_path='', event_type='modified', is_directory=False, is_synthetic=False)
2024-10-10 12:50:32,419 - INFO -  * Detected change in '/Users/zaidshaikh/Documents/Masters_Course/Wellnify/RecommendationSysten/ml_backend/api.py', reloading
2024-10-10 12:50:32,728 - INFO -  * Restarting with watchdog (fsevents)
2024-10-10 12:50:34,800 - INFO - Starting data preprocessing.
2024-10-10 12:50:34,804 - INFO - Final merged DataFrame shape: (2791, 26)
2024-10-10 12:50:34,822 - INFO - Processed collection DataFrame shape: (2566, 6)
2024-10-10 12:50:34,822 - INFO - Splitting 'tag_category' into tag_list.
2024-10-10 12:50:34,822 - INFO - Parsing tag components.
2024-10-10 12:50:34,824 - INFO - Binarizing tag types and specific values.
2024-10-10 12:50:34,826 - INFO - Preparing activity features.
2024-10-10 12:50:34,974 - INFO - Calculating cosine similarities.
2024-10-10 12:50:35,090 - INFO - Computing TF-IDF for description.
2024-10-10 12:50:35,220 - WARNING -  * Debugger is active!
2024-10-10 12:50:35,228 - INFO -  * Debugger PIN: 731-329-817
2024-10-10 12:50:45,943 - DEBUG - NativeEvent(path="/Users/zaidshaikh/Documents/Masters_Course/Wellnify/RecommendationSysten/ml_backend/api.py", inode=49833151, flags=11400, id=301439257): is_file, is_inode_meta_mod, is_modified
2024-10-10 12:50:45,944 - DEBUG - queue_event FileModifiedEvent(src_path='/Users/zaidshaikh/Documents/Masters_Course/Wellnify/RecommendationSysten/ml_backend/api.py', dest_path='', event_type='modified', is_directory=False, is_synthetic=False)
2024-10-10 12:50:45,947 - INFO -  * Detected change in '/Users/zaidshaikh/Documents/Masters_Course/Wellnify/RecommendationSysten/ml_backend/api.py', reloading
2024-10-10 12:50:46,459 - INFO -  * Restarting with watchdog (fsevents)
2024-10-10 12:50:47,919 - INFO - Starting data preprocessing.
2024-10-10 12:50:47,922 - INFO - Final merged DataFrame shape: (2791, 26)
2024-10-10 12:50:47,937 - INFO - Processed collection DataFrame shape: (2566, 6)
2024-10-10 12:50:47,937 - INFO - Splitting 'tag_category' into tag_list.
2024-10-10 12:50:47,938 - INFO - Parsing tag components.
2024-10-10 12:50:47,940 - INFO - Binarizing tag types and specific values.
2024-10-10 12:50:47,941 - INFO - Preparing activity features.
2024-10-10 12:50:48,142 - INFO - Calculating cosine similarities.
2024-10-10 12:50:48,278 - INFO - Computing TF-IDF for description.
2024-10-10 12:50:48,460 - WARNING -  * Debugger is active!
2024-10-10 12:50:48,469 - INFO -  * Debugger PIN: 731-329-817
2024-10-10 12:51:34,431 - DEBUG - NativeEvent(path="/Users/zaidshaikh/Documents/Masters_Course/Wellnify/RecommendationSysten/ml_backend/api.py", inode=49833151, flags=11400, id=301443207): is_file, is_inode_meta_mod, is_modified
2024-10-10 12:51:34,433 - DEBUG - queue_event FileModifiedEvent(src_path='/Users/zaidshaikh/Documents/Masters_Course/Wellnify/RecommendationSysten/ml_backend/api.py', dest_path='', event_type='modified', is_directory=False, is_synthetic=False)
2024-10-10 12:51:34,436 - INFO -  * Detected change in '/Users/zaidshaikh/Documents/Masters_Course/Wellnify/RecommendationSysten/ml_backend/api.py', reloading
2024-10-10 12:51:35,149 - INFO -  * Restarting with watchdog (fsevents)
2024-10-10 12:51:37,224 - INFO - Starting data preprocessing.
2024-10-10 12:51:37,228 - INFO - Final merged DataFrame shape: (2791, 26)
2024-10-10 12:51:37,244 - INFO - Processed collection DataFrame shape: (2566, 6)
2024-10-10 12:51:37,244 - INFO - Splitting 'tag_category' into tag_list.
2024-10-10 12:51:37,245 - INFO - Parsing tag components.
2024-10-10 12:51:37,247 - INFO - Binarizing tag types and specific values.
2024-10-10 12:51:37,249 - INFO - Preparing activity features.
2024-10-10 12:51:37,414 - INFO - Calculating cosine similarities.
2024-10-10 12:51:37,535 - INFO - Computing TF-IDF for description.
2024-10-10 12:51:37,688 - WARNING -  * Debugger is active!
2024-10-10 12:51:37,697 - INFO -  * Debugger PIN: 731-329-817
2024-10-10 12:52:05,907 - DEBUG - NativeEvent(path="/Users/zaidshaikh/Documents/Masters_Course/Wellnify/RecommendationSysten/ml_backend/api.py", inode=49833151, flags=11400, id=301444605): is_file, is_inode_meta_mod, is_modified
2024-10-10 12:52:05,908 - DEBUG - queue_event FileModifiedEvent(src_path='/Users/zaidshaikh/Documents/Masters_Course/Wellnify/RecommendationSysten/ml_backend/api.py', dest_path='', event_type='modified', is_directory=False, is_synthetic=False)
2024-10-10 12:52:05,910 - INFO -  * Detected change in '/Users/zaidshaikh/Documents/Masters_Course/Wellnify/RecommendationSysten/ml_backend/api.py', reloading
2024-10-10 12:52:06,058 - INFO -  * Restarting with watchdog (fsevents)
2024-10-10 12:52:07,510 - INFO - Starting data preprocessing.
2024-10-10 12:52:07,513 - INFO - Final merged DataFrame shape: (2791, 26)
2024-10-10 12:52:07,528 - INFO - Processed collection DataFrame shape: (2566, 6)
2024-10-10 12:52:07,528 - INFO - Splitting 'tag_category' into tag_list.
2024-10-10 12:52:07,528 - INFO - Parsing tag components.
2024-10-10 12:52:07,530 - INFO - Binarizing tag types and specific values.
2024-10-10 12:52:07,532 - INFO - Preparing activity features.
2024-10-10 12:52:07,709 - INFO - Calculating cosine similarities.
2024-10-10 12:52:07,829 - INFO - Computing TF-IDF for description.
2024-10-10 12:52:07,953 - WARNING -  * Debugger is active!
2024-10-10 12:52:07,962 - INFO -  * Debugger PIN: 731-329-817
2024-10-10 12:54:23,929 - INFO - Starting data preprocessing.
2024-10-10 12:54:23,935 - INFO - Final merged DataFrame shape: (2791, 26)
2024-10-10 12:54:23,951 - INFO - Processed collection DataFrame shape: (2566, 6)
2024-10-10 12:54:23,951 - INFO - Splitting 'tag_category' into tag_list.
2024-10-10 12:54:23,952 - INFO - Parsing tag components.
2024-10-10 12:54:23,954 - INFO - Binarizing tag types and specific values.
2024-10-10 12:54:23,956 - INFO - Preparing activity features.
2024-10-10 12:54:24,109 - INFO - Calculating cosine similarities.
2024-10-10 12:54:24,210 - INFO - Computing TF-IDF for description.
2024-10-10 12:54:24,365 - INFO - [31m[1mWARNING: This is a development server. Do not use it in a production deployment. Use a production WSGI server instead.[0m
 * Running on http://127.0.0.1:5000
2024-10-10 12:54:24,365 - INFO - [33mPress CTRL+C to quit[0m
2024-10-10 12:54:24,379 - INFO -  * Restarting with watchdog (fsevents)
2024-10-10 12:54:25,746 - INFO - Starting data preprocessing.
2024-10-10 12:54:25,749 - INFO - Final merged DataFrame shape: (2791, 26)
2024-10-10 12:54:25,764 - INFO - Processed collection DataFrame shape: (2566, 6)
2024-10-10 12:54:25,764 - INFO - Splitting 'tag_category' into tag_list.
2024-10-10 12:54:25,764 - INFO - Parsing tag components.
2024-10-10 12:54:25,767 - INFO - Binarizing tag types and specific values.
2024-10-10 12:54:25,768 - INFO - Preparing activity features.
2024-10-10 12:54:25,939 - INFO - Calculating cosine similarities.
2024-10-10 12:54:26,045 - INFO - Computing TF-IDF for description.
2024-10-10 12:54:26,172 - WARNING -  * Debugger is active!
2024-10-10 12:54:26,186 - INFO -  * Debugger PIN: 731-329-817
2024-10-10 12:56:56,937 - INFO - Home page accessed
2024-10-10 12:56:56,940 - INFO - 127.0.0.1 - - [10/Oct/2024 12:56:56] "GET / HTTP/1.1" 200 -
2024-10-10 12:57:02,117 - INFO - Generating recommendations for user 564.
2024-10-10 12:57:02,145 - DEBUG - User 564 is part of organizations: [  1 139].
2024-10-10 12:57:02,262 - INFO - 127.0.0.1 - - [10/Oct/2024 12:57:02] "GET /recommendations/564 HTTP/1.1" 200 -
2024-10-10 12:58:15,051 - DEBUG - NativeEvent(path="/Users/zaidshaikh/Documents/Masters_Course/Wellnify/RecommendationSysten/ml_backend/api.py", inode=49833151, flags=11400, id=301493081): is_file, is_inode_meta_mod, is_modified
2024-10-10 12:58:15,052 - DEBUG - queue_event FileModifiedEvent(src_path='/Users/zaidshaikh/Documents/Masters_Course/Wellnify/RecommendationSysten/ml_backend/api.py', dest_path='', event_type='modified', is_directory=False, is_synthetic=False)
2024-10-10 12:58:15,054 - INFO -  * Detected change in '/Users/zaidshaikh/Documents/Masters_Course/Wellnify/RecommendationSysten/ml_backend/api.py', reloading
2024-10-10 12:58:15,594 - INFO -  * Restarting with watchdog (fsevents)
2024-10-10 12:58:17,595 - INFO - Starting data preprocessing.
2024-10-10 12:58:17,599 - INFO - Final merged DataFrame shape: (2791, 26)
2024-10-10 12:58:17,616 - INFO - Processed collection DataFrame shape: (2566, 6)
2024-10-10 12:58:17,616 - INFO - Splitting 'tag_category' into tag_list.
2024-10-10 12:58:17,616 - INFO - Parsing tag components.
2024-10-10 12:58:17,618 - INFO - Binarizing tag types and specific values.
2024-10-10 12:58:17,620 - INFO - Preparing activity features.
2024-10-10 12:58:17,799 - INFO - Calculating cosine similarities.
2024-10-10 12:58:17,925 - INFO - Computing TF-IDF for description.
2024-10-10 12:58:18,051 - WARNING -  * Debugger is active!
2024-10-10 12:58:18,060 - INFO -  * Debugger PIN: 731-329-817
2024-10-10 12:58:21,051 - INFO - Generating recommendations for user 564.
2024-10-10 12:58:21,055 - DEBUG - User 564 is part of organizations: [  1 139].
2024-10-10 12:58:21,181 - INFO - 127.0.0.1 - - [10/Oct/2024 12:58:21] "GET /recommendations/564 HTTP/1.1" 200 -
